2016-03-07 13:47:33 - Database Driver Class Initialized
2016-03-07 13:47:54 - Database Driver Class Initialized
2016-03-07 13:50:44 - Database Driver Class Initialized
2016-03-07 13:50:44 - Database Driver Class Initialized
2016-03-07 13:51:00 - Database Driver Class Initialized
2016-03-07 13:52:15 - Database Driver Class Initialized
2016-03-07 13:52:19 - Database Driver Class Initialized
2016-03-07 13:52:19 - Database Driver Class Initialized
2016-03-07 13:52:25 - Database Driver Class Initialized
2016-03-07 13:52:30 - Database Driver Class Initialized
2016-03-07 13:52:30 - Database Driver Class Initialized
2016-03-07 14:47:41 - Database Driver Class Initialized
2016-03-07 14:48:35 - Database Driver Class Initialized
2016-03-07 14:48:37 - Database Driver Class Initialized
2016-03-07 14:58:30 - Database Driver Class Initialized
2016-03-07 14:58:37 - Database Driver Class Initialized
2016-03-07 14:58:37 - Database Driver Class Initialized
2016-03-07 15:01:14 - Database Driver Class Initialized
2016-03-11 9:35:07 - Database Driver Class Initialized
2016-03-11 9:35:51 - Database Driver Class Initialized
2016-03-11 9:36:19 - Database Driver Class Initialized
2016-03-11 9:36:27 - Database Driver Class Initialized
2016-03-11 9:36:30 - Database Driver Class Initialized
2016-03-11 9:36:30 - Database Driver Class Initialized
2016-03-11 9:36:31 - Database Driver Class Initialized
2016-03-11 9:36:31 - Database Driver Class Initialized
2016-03-11 9:36:35 - Database Driver Class Initialized
2016-03-11 9:36:37 - Database Driver Class Initialized
2016-03-11 9:36:37 - Database Driver Class Initialized
2016-03-11 9:36:37 - Database Driver Class Initialized
2016-03-11 9:37:06 - Database Driver Class Initialized
2016-03-11 9:41:35 - Database Driver Class Initialized
2016-03-11 15:03:15 - Database Driver Class Initialized
2016-03-11 15:03:19 - Database Driver Class Initialized
2016-03-11 15:03:19 - Database Driver Class Initialized
2016-03-11 15:03:19 - Database Driver Class Initialized
2016-03-11 15:03:19 - Database Driver Class Initialized
2016-03-11 15:24:08 - Database Driver Class Initialized
2016-03-11 15:24:15 - Database Driver Class Initialized
2016-03-11 15:24:22 - Database Driver Class Initialized
2016-03-11 15:24:30 - Database Driver Class Initialized
2016-03-11 15:24:36 - Database Driver Class Initialized
2016-03-11 15:24:38 - Database Driver Class Initialized
2016-03-11 15:24:40 - Database Driver Class Initialized
2016-03-11 15:24:42 - Database Driver Class Initialized
2016-03-11 15:24:47 - Database Driver Class Initialized
2016-03-11 15:24:49 - Database Driver Class Initialized
2016-03-11 15:24:50 - Database Driver Class Initialized
2016-03-11 15:24:52 - Database Driver Class Initialized
2016-03-11 15:24:53 - Database Driver Class Initialized
2016-03-11 15:24:55 - Database Driver Class Initialized
2016-03-11 15:24:56 - Database Driver Class Initialized
2016-03-11 15:24:58 - Database Driver Class Initialized
2016-03-11 15:26:55 - Database Driver Class Initialized
2016-03-11 15:27:33 - Database Driver Class Initialized
2016-03-11 15:29:08 - Database Driver Class Initialized
2016-03-11 15:29:08 - Database Driver Class Initialized
2016-03-11 15:30:17 - Database Driver Class Initialized
2016-03-11 15:30:24 - Database Driver Class Initialized
2016-03-11 15:30:24 - Database Driver Class Initialized
2016-03-11 15:30:44 - Database Driver Class Initialized
2016-03-11 15:30:51 - Database Driver Class Initialized
2016-03-11 15:31:01 - Database Driver Class Initialized
2016-03-11 15:31:05 - Database Driver Class Initialized
2016-03-11 15:31:11 - Database Driver Class Initialized
2016-03-11 15:31:36 - Database Driver Class Initialized
2016-03-11 15:31:56 - Database Driver Class Initialized
2016-03-11 15:31:56 - Database Driver Class Initialized
2016-03-11 15:32:03 - Database Driver Class Initialized
2016-03-11 15:32:04 - Database Driver Class Initialized
2016-03-11 15:32:10 - Database Driver Class Initialized
2016-03-11 15:32:25 - Database Driver Class Initialized
2016-03-11 15:32:25 - Database Driver Class Initialized
2016-03-11 15:32:36 - Database Driver Class Initialized
2016-03-11 15:32:39 - Database Driver Class Initialized
2016-03-11 15:32:39 - Database Driver Class Initialized
2016-03-11 15:32:45 - Database Driver Class Initialized
2016-03-11 15:32:48 - Database Driver Class Initialized
2016-03-11 15:32:48 - Database Driver Class Initialized
2016-03-11 15:32:55 - Database Driver Class Initialized
2016-03-11 15:33:04 - Database Driver Class Initialized
2016-03-11 15:33:04 - Database Driver Class Initialized
2016-03-11 15:33:08 - Database Driver Class Initialized
2016-03-11 15:33:12 - Database Driver Class Initialized
2016-03-11 15:33:12 - Database Driver Class Initialized
2016-03-14 8:52:35 - Database Driver Class Initialized
2016-03-14 9:50:53 - Database Driver Class Initialized
2016-03-14 9:51:03 - Database Driver Class Initialized
2016-03-14 9:51:03 - Database Driver Class Initialized
2016-03-14 9:51:03 - Database Driver Class Initialized
2016-03-14 9:51:03 - Database Driver Class Initialized
2016-03-14 9:51:52 - Database Driver Class Initialized
2016-03-14 9:51:52 - Database Driver Class Initialized
2016-03-14 9:51:52 - Database Driver Class Initialized
2016-03-14 9:53:55 - Database Driver Class Initialized
2016-03-14 9:53:55 - Database Driver Class Initialized
2016-03-14 9:53:55 - Database Driver Class Initialized
2016-03-14 10:43:40 - Database Driver Class Initialized
2016-03-14 10:43:47 - Database Driver Class Initialized
2016-03-14 10:44:58 - Database Driver Class Initialized
2016-03-14 10:45:00 - Database Driver Class Initialized
2016-03-14 10:45:03 - Database Driver Class Initialized
2016-03-14 10:45:05 - Database Driver Class Initialized
2016-03-14 10:45:11 - Database Driver Class Initialized
2016-03-14 10:45:13 - Database Driver Class Initialized
2016-03-14 10:45:14 - Database Driver Class Initialized
2016-03-14 10:45:16 - Database Driver Class Initialized
2016-03-14 10:45:18 - Database Driver Class Initialized
2016-03-14 10:45:18 - Database Driver Class Initialized
2016-03-14 10:45:21 - Database Driver Class Initialized
2016-03-14 10:45:25 - Database Driver Class Initialized
2016-03-14 10:45:27 - Database Driver Class Initialized
2016-03-14 10:45:30 - Database Driver Class Initialized
2016-03-14 10:45:30 - Database Driver Class Initialized
2016-03-14 10:49:53 - Database Driver Class Initialized
2016-03-14 10:49:56 - Database Driver Class Initialized
2016-03-14 10:49:58 - Database Driver Class Initialized
2016-03-14 10:50:01 - Database Driver Class Initialized
2016-03-14 10:50:05 - Database Driver Class Initialized
2016-03-14 10:50:15 - Database Driver Class Initialized
2016-03-14 10:50:17 - Database Driver Class Initialized
2016-03-14 10:50:20 - Database Driver Class Initialized
2016-03-14 10:50:28 - Database Driver Class Initialized
2016-03-14 10:50:36 - Database Driver Class Initialized
2016-03-14 10:50:38 - Database Driver Class Initialized
2016-03-14 10:51:09 - Database Driver Class Initialized
2016-03-14 10:51:09 - Database Driver Class Initialized
2016-03-14 10:51:11 - Database Driver Class Initialized
2016-03-14 10:51:20 - Database Driver Class Initialized
2016-03-14 10:51:20 - Database Driver Class Initialized
2016-03-14 10:51:22 - Database Driver Class Initialized
2016-03-14 10:51:29 - Database Driver Class Initialized
2016-03-14 10:51:29 - Database Driver Class Initialized
2016-03-14 10:51:39 - Database Driver Class Initialized
2016-03-14 10:51:57 - Database Driver Class Initialized
2016-03-14 10:51:57 - Database Driver Class Initialized
2016-03-14 10:52:01 - Database Driver Class Initialized
2016-03-14 10:52:06 - Database Driver Class Initialized
2016-03-14 10:52:06 - Database Driver Class Initialized
2016-03-14 10:52:09 - Database Driver Class Initialized
2016-03-14 10:52:14 - Database Driver Class Initialized
2016-03-14 10:52:14 - Database Driver Class Initialized
2016-03-14 11:02:43 - Database Driver Class Initialized
2016-03-14 11:02:47 - Database Driver Class Initialized
2016-03-14 11:02:49 - Database Driver Class Initialized
2016-03-14 11:02:51 - Database Driver Class Initialized
2016-03-14 11:02:51 - Database Driver Class Initialized
2016-03-14 11:02:55 - Database Driver Class Initialized
2016-03-14 11:03:07 - Database Driver Class Initialized
2016-03-14 11:03:10 - Database Driver Class Initialized
2016-03-14 11:03:10 - Database Driver Class Initialized
2016-03-14 11:03:12 - Database Driver Class Initialized
2016-03-14 11:03:21 - Database Driver Class Initialized
2016-03-14 11:03:21 - Database Driver Class Initialized
2016-03-14 11:03:27 - Database Driver Class Initialized
2016-03-14 11:03:30 - Database Driver Class Initialized
2016-03-14 11:03:30 - Database Driver Class Initialized
2016-03-14 11:10:24 - Database Driver Class Initialized
2016-03-14 11:12:48 - Database Driver Class Initialized
2016-03-14 11:12:48 - Database Driver Class Initialized
2016-03-14 11:12:51 - Database Driver Class Initialized
2016-03-14 11:12:51 - Database Driver Class Initialized
2016-03-14 11:16:25 - Database Driver Class Initialized
2016-03-14 11:16:36 - Database Driver Class Initialized
2016-03-14 11:17:03 - Database Driver Class Initialized
2016-03-14 11:17:34 - Database Driver Class Initialized
2016-03-14 11:17:35 - Database Driver Class Initialized
2016-03-14 11:17:47 - Database Driver Class Initialized
2016-03-14 11:18:19 - Database Driver Class Initialized
2016-03-14 11:18:26 - Database Driver Class Initialized
2016-03-14 11:18:49 - Database Driver Class Initialized
2016-03-14 11:18:52 - Database Driver Class Initialized
2016-03-14 11:19:32 - Database Driver Class Initialized
2016-03-14 11:20:06 - Database Driver Class Initialized
2016-03-14 11:21:06 - Database Driver Class Initialized
2016-03-14 11:21:16 - Database Driver Class Initialized
2016-03-14 11:22:20 - Database Driver Class Initialized
2016-03-14 11:22:22 - Database Driver Class Initialized
2016-03-14 13:38:43 - Database Driver Class Initialized
2016-03-14 13:40:46 - Database Driver Class Initialized
2016-03-14 13:44:23 - Database Driver Class Initialized
2016-03-14 13:45:52 - Database Driver Class Initialized
2016-03-14 13:45:56 - Database Driver Class Initialized
2016-03-14 13:46:07 - Database Driver Class Initialized
2016-03-14 13:46:09 - Database Driver Class Initialized
2016-03-14 13:46:20 - Database Driver Class Initialized
2016-03-14 13:46:29 - Database Driver Class Initialized
2016-03-14 13:46:57 - Database Driver Class Initialized
2016-03-14 13:47:30 - Database Driver Class Initialized
2016-03-14 13:47:55 - Database Driver Class Initialized
2016-03-14 13:47:55 - Database Driver Class Initialized
2016-03-14 13:48:01 - Database Driver Class Initialized
2016-03-14 13:48:16 - Database Driver Class Initialized
2016-03-14 13:48:16 - Database Driver Class Initialized
2016-03-14 13:48:23 - Database Driver Class Initialized
2016-03-14 13:48:33 - Database Driver Class Initialized
2016-03-14 13:48:33 - Database Driver Class Initialized
2016-03-14 13:48:40 - Database Driver Class Initialized
2016-03-14 13:48:42 - Database Driver Class Initialized
2016-03-14 13:48:46 - Database Driver Class Initialized
2016-03-14 13:48:50 - Database Driver Class Initialized
2016-03-14 13:48:50 - Database Driver Class Initialized
2016-03-14 13:48:53 - Database Driver Class Initialized
2016-03-14 13:48:58 - Database Driver Class Initialized
2016-03-14 13:48:58 - Database Driver Class Initialized
2016-03-14 13:48:59 - Database Driver Class Initialized
2016-03-14 13:49:04 - Database Driver Class Initialized
2016-03-14 13:49:04 - Database Driver Class Initialized
2016-03-14 13:49:11 - Database Driver Class Initialized
2016-03-14 13:49:16 - Database Driver Class Initialized
2016-03-14 13:49:16 - Database Driver Class Initialized
2016-03-14 13:49:21 - Database Driver Class Initialized
2016-03-14 13:49:21 - Database Driver Class Initialized
2016-03-14 13:49:29 - Database Driver Class Initialized
2016-03-14 13:49:35 - Database Driver Class Initialized
2016-03-14 13:49:49 - Database Driver Class Initialized
2016-03-14 13:49:49 - Database Driver Class Initialized
2016-03-14 13:49:51 - Database Driver Class Initialized
2016-03-14 13:49:57 - Database Driver Class Initialized
2016-03-14 13:49:57 - Database Driver Class Initialized
2016-03-14 13:50:01 - Database Driver Class Initialized
2016-03-14 14:00:21 - Database Driver Class Initialized
2016-03-14 14:00:21 - Database Driver Class Initialized
2016-03-14 14:26:11 - Database Driver Class Initialized
2016-03-14 15:55:07 - Database Driver Class Initialized
2016-03-14 15:55:08 - Database Driver Class Initialized
2016-03-14 15:55:08 - Database Driver Class Initialized
2016-03-14 15:55:11 - Database Driver Class Initialized
2016-03-14 15:55:25 - Database Driver Class Initialized
2016-03-14 15:55:51 - Database Driver Class Initialized
2016-03-14 15:55:51 - Database Driver Class Initialized
2016-03-14 16:00:52 - Database Driver Class Initialized
2016-03-14 16:00:55 - Database Driver Class Initialized
2016-03-14 16:01:00 - Database Driver Class Initialized
2016-03-14 16:01:14 - Database Driver Class Initialized
2016-03-14 16:01:14 - Database Driver Class Initialized
2016-03-14 16:15:02 - Database Driver Class Initialized
2016-03-14 16:15:02 - Database Driver Class Initialized
2016-03-14 16:15:04 - Database Driver Class Initialized
2016-03-14 16:15:05 - Database Driver Class Initialized
2016-03-14 16:15:05 - Database Driver Class Initialized
2016-03-14 16:15:08 - Database Driver Class Initialized
2016-03-14 16:15:08 - Database Driver Class Initialized
2016-03-14 16:15:12 - Database Driver Class Initialized
2016-03-14 16:15:13 - Database Driver Class Initialized
2016-03-14 16:15:18 - Database Driver Class Initialized
2016-03-14 16:15:18 - Database Driver Class Initialized
2016-03-14 16:15:18 - Database Driver Class Initialized
2016-03-14 16:15:47 - Database Driver Class Initialized
2016-03-14 16:15:58 - Database Driver Class Initialized
2016-03-14 16:16:00 - Database Driver Class Initialized
2016-03-14 16:16:00 - Database Driver Class Initialized
2016-03-14 16:16:00 - Database Driver Class Initialized
2016-03-14 16:17:02 - Database Driver Class Initialized
2016-03-14 16:17:02 - Database Driver Class Initialized
2016-03-14 16:17:08 - Database Driver Class Initialized
2016-03-14 16:17:09 - Database Driver Class Initialized
2016-03-14 16:17:09 - Database Driver Class Initialized
2016-03-14 16:20:50 - Database Driver Class Initialized
2016-03-14 16:20:50 - Database Driver Class Initialized
2016-03-14 16:20:50 - Database Driver Class Initialized
2016-03-14 16:20:50 - Database Driver Class Initialized
2016-03-14 16:21:15 - Database Driver Class Initialized
2016-03-14 16:21:15 - Database Driver Class Initialized
2016-03-14 16:21:15 - Database Driver Class Initialized
2016-03-14 16:21:15 - Database Driver Class Initialized
2016-03-14 16:21:15 - Database Driver Class Initialized
2016-03-14 16:21:15 - Database Driver Class Initialized
2016-03-14 16:21:15 - Database Driver Class Initialized
2016-03-14 16:21:27 - Database Driver Class Initialized
2016-03-14 16:21:27 - Database Driver Class Initialized
2016-03-14 16:21:27 - Database Driver Class Initialized
2016-03-14 16:21:27 - Database Driver Class Initialized
2016-03-14 16:21:27 - Database Driver Class Initialized
2016-03-14 16:21:32 - Database Driver Class Initialized
2016-03-14 16:21:44 - Database Driver Class Initialized
2016-03-14 16:21:44 - Database Driver Class Initialized
2016-03-14 16:21:44 - Database Driver Class Initialized
2016-03-14 16:23:17 - Database Driver Class Initialized
2016-03-14 16:23:20 - Database Driver Class Initialized
2016-03-14 16:23:37 - Database Driver Class Initialized
2016-03-14 16:23:39 - Database Driver Class Initialized
2016-03-14 16:26:01 - Database Driver Class Initialized
2016-03-14 16:29:26 - Database Driver Class Initialized
2016-03-14 16:29:29 - Database Driver Class Initialized
2016-03-14 16:29:32 - Database Driver Class Initialized
2016-03-14 16:31:02 - Database Driver Class Initialized
2016-03-14 16:31:05 - Database Driver Class Initialized
2016-03-14 16:31:14 - Database Driver Class Initialized
2016-03-14 16:31:14 - Database Driver Class Initialized
2016-03-14 16:31:17 - Database Driver Class Initialized
2016-03-14 16:31:24 - Database Driver Class Initialized
2016-03-14 16:31:24 - Database Driver Class Initialized
2016-03-14 16:33:22 - Database Driver Class Initialized
2016-03-14 16:33:28 - Database Driver Class Initialized
2016-03-14 16:33:28 - Database Driver Class Initialized
2016-03-15 9:22:27 - Database Driver Class Initialized
2016-03-15 9:22:31 - Database Driver Class Initialized
2016-03-15 9:22:31 - Database Driver Class Initialized
2016-03-15 9:22:32 - Database Driver Class Initialized
2016-03-15 9:22:32 - Database Driver Class Initialized
2016-03-15 9:22:45 - Database Driver Class Initialized
2016-03-15 9:23:00 - Database Driver Class Initialized
2016-03-15 9:24:34 - Database Driver Class Initialized
2016-03-15 9:24:47 - Database Driver Class Initialized
2016-03-15 9:24:49 - Database Driver Class Initialized
2016-03-15 9:24:51 - Database Driver Class Initialized
2016-03-15 9:24:56 - Database Driver Class Initialized
2016-03-15 9:24:59 - Database Driver Class Initialized
2016-03-15 9:25:01 - Database Driver Class Initialized
2016-03-15 9:25:03 - Database Driver Class Initialized
2016-03-15 9:25:22 - Database Driver Class Initialized
2016-03-15 9:25:22 - Database Driver Class Initialized
2016-03-15 9:25:22 - Database Driver Class Initialized
2016-03-15 9:25:30 - Database Driver Class Initialized
2016-03-15 9:25:47 - Database Driver Class Initialized
2016-03-15 9:25:56 - Database Driver Class Initialized
2016-03-15 9:25:56 - Database Driver Class Initialized
2016-03-15 9:26:00 - Database Driver Class Initialized
2016-03-15 9:26:06 - Database Driver Class Initialized
2016-03-15 9:26:25 - Database Driver Class Initialized
2016-03-15 9:26:28 - Database Driver Class Initialized
2016-03-15 9:26:29 - Database Driver Class Initialized
2016-03-15 9:26:46 - Database Driver Class Initialized
2016-03-15 14:35:30 - Database Driver Class Initialized
2016-03-15 14:35:32 - Database Driver Class Initialized
2016-03-15 14:35:33 - Database Driver Class Initialized
2016-03-15 14:35:35 - Database Driver Class Initialized
2016-03-15 14:50:04 - Database Driver Class Initialized
2016-03-15 14:50:26 - Database Driver Class Initialized
2016-03-15 14:50:29 - Database Driver Class Initialized
2016-03-15 14:50:39 - Database Driver Class Initialized
2016-03-15 14:50:43 - Database Driver Class Initialized
2016-03-15 14:50:52 - Database Driver Class Initialized
2016-03-15 14:50:55 - Database Driver Class Initialized
2016-03-15 14:51:06 - Database Driver Class Initialized
2016-03-15 14:51:06 - Database Driver Class Initialized
2016-03-15 14:54:32 - Database Driver Class Initialized
2016-03-15 14:54:37 - Database Driver Class Initialized
2016-03-15 14:55:27 - Database Driver Class Initialized
2016-03-15 14:56:13 - Database Driver Class Initialized
2016-03-15 14:56:14 - Query error: Unknown column 'djm_id.title' in 'order clause' - Invalid query: SELECT *
FROM `djm_factory`
ORDER BY `djm_id`.`title` ASC
 LIMIT 20
2016-03-15 14:57:22 - Database Driver Class Initialized
2016-03-15 14:57:22 - Query error: Unknown column 'djm_id.title' in 'order clause' - Invalid query: SELECT *
FROM `djm_factory`
ORDER BY `djm_id`.`title` ASC
 LIMIT 20
2016-03-15 14:58:07 - Database Driver Class Initialized
2016-03-15 14:58:07 - Query error: Unknown column 'djm_id.title' in 'order clause' - Invalid query: SELECT *
FROM `djm_factory`
ORDER BY `djm_id`.`title` ASC
 LIMIT 20
2016-03-15 14:58:07 - Database Driver Class Initialized
2016-03-15 14:58:07 - Query error: Unknown column 'djm_id.title' in 'order clause' - Invalid query: SELECT *
FROM `djm_factory`
ORDER BY `djm_id`.`title` ASC
 LIMIT 20
2016-03-15 14:58:08 - Database Driver Class Initialized
2016-03-15 14:58:08 - Query error: Unknown column 'djm_id.title' in 'order clause' - Invalid query: SELECT *
FROM `djm_factory`
ORDER BY `djm_id`.`title` ASC
 LIMIT 20
2016-03-15 14:58:08 - Database Driver Class Initialized
2016-03-15 14:58:08 - Query error: Unknown column 'djm_id.title' in 'order clause' - Invalid query: SELECT *
FROM `djm_factory`
ORDER BY `djm_id`.`title` ASC
 LIMIT 20
2016-03-15 14:58:08 - Database Driver Class Initialized
2016-03-15 14:58:08 - Query error: Unknown column 'djm_id.title' in 'order clause' - Invalid query: SELECT *
FROM `djm_factory`
ORDER BY `djm_id`.`title` ASC
 LIMIT 20
2016-03-15 14:58:08 - Database Driver Class Initialized
2016-03-15 14:58:08 - Query error: Unknown column 'djm_id.title' in 'order clause' - Invalid query: SELECT *
FROM `djm_factory`
ORDER BY `djm_id`.`title` ASC
 LIMIT 20
2016-03-15 14:58:09 - Database Driver Class Initialized
2016-03-15 14:58:09 - Query error: Unknown column 'djm_id.title' in 'order clause' - Invalid query: SELECT *
FROM `djm_factory`
ORDER BY `djm_id`.`title` ASC
 LIMIT 20
2016-03-15 14:58:42 - Database Driver Class Initialized
2016-03-15 14:59:18 - Database Driver Class Initialized
2016-03-15 15:01:13 - Database Driver Class Initialized
2016-03-15 16:06:05 - Database Driver Class Initialized
2016-03-15 16:06:08 - Database Driver Class Initialized
2016-03-15 16:07:42 - Database Driver Class Initialized
2016-03-15 16:07:44 - Database Driver Class Initialized
2016-03-15 16:07:56 - Database Driver Class Initialized
2016-03-15 16:07:57 - Database Driver Class Initialized
2016-03-15 16:08:29 - Database Driver Class Initialized
2016-03-15 16:15:49 - Database Driver Class Initialized
2016-03-15 17:23:31 - Database Driver Class Initialized
2016-03-16 10:07:41 - Database Driver Class Initialized
2016-03-16 10:07:45 - Database Driver Class Initialized
2016-03-16 10:07:45 - Database Driver Class Initialized
2016-03-16 10:07:46 - Database Driver Class Initialized
2016-03-16 10:07:46 - Database Driver Class Initialized
2016-03-16 10:07:50 - Database Driver Class Initialized
2016-03-16 10:07:52 - Database Driver Class Initialized
2016-03-16 10:08:48 - Database Driver Class Initialized
2016-03-16 10:09:53 - Database Driver Class Initialized
2016-03-16 10:37:06 - Database Driver Class Initialized
2016-03-16 10:39:49 - Database Driver Class Initialized
2016-03-16 10:40:30 - Database Driver Class Initialized
2016-03-16 10:43:43 - Database Driver Class Initialized
2016-03-16 10:43:44 - Database Driver Class Initialized
2016-03-16 10:44:21 - Database Driver Class Initialized
2016-03-16 10:44:22 - Database Driver Class Initialized
2016-03-16 10:44:22 - Database Driver Class Initialized
2016-03-16 10:44:22 - Database Driver Class Initialized
2016-03-16 10:45:45 - Database Driver Class Initialized
2016-03-16 10:46:21 - Database Driver Class Initialized
2016-03-16 10:46:37 - Database Driver Class Initialized
2016-03-16 10:47:16 - Database Driver Class Initialized
2016-03-16 10:47:44 - Database Driver Class Initialized
2016-03-16 10:47:45 - Database Driver Class Initialized
2016-03-16 11:40:21 - Database Driver Class Initialized
2016-03-16 11:40:21 - Database Driver Class Initialized
2016-03-16 11:41:12 - Database Driver Class Initialized
2016-03-16 11:41:22 - Database Driver Class Initialized
2016-03-16 11:43:14 - Database Driver Class Initialized
2016-03-16 11:43:18 - Database Driver Class Initialized
2016-03-16 11:43:19 - Database Driver Class Initialized
2016-03-16 11:44:20 - Database Driver Class Initialized
2016-03-16 11:44:52 - Database Driver Class Initialized
2016-03-16 11:44:52 - Database Driver Class Initialized
2016-03-16 11:46:00 - Database Driver Class Initialized
2016-03-16 11:47:16 - Database Driver Class Initialized
2016-03-16 11:47:25 - Database Driver Class Initialized
2016-03-16 11:48:14 - Database Driver Class Initialized
2016-03-16 11:48:18 - Database Driver Class Initialized
2016-03-16 11:48:20 - Database Driver Class Initialized
2016-03-16 11:48:24 - Database Driver Class Initialized
2016-03-16 11:48:35 - Database Driver Class Initialized
2016-03-16 11:48:45 - Database Driver Class Initialized
2016-03-16 11:48:45 - Database Driver Class Initialized
2016-03-16 11:49:40 - Database Driver Class Initialized
2016-03-16 14:15:02 - Database Driver Class Initialized
2016-03-16 14:15:02 - Database Driver Class Initialized
2016-03-16 14:15:03 - Database Driver Class Initialized
2016-03-16 14:15:03 - Database Driver Class Initialized
2016-03-16 14:16:08 - Database Driver Class Initialized
2016-03-16 14:16:09 - Database Driver Class Initialized
2016-03-16 14:16:26 - Database Driver Class Initialized
2016-03-16 14:17:59 - Database Driver Class Initialized
2016-03-16 14:18:00 - Database Driver Class Initialized
2016-03-16 14:18:38 - Database Driver Class Initialized
2016-03-16 14:18:39 - Database Driver Class Initialized
2016-03-16 14:18:39 - Database Driver Class Initialized
2016-03-16 14:18:39 - Database Driver Class Initialized
2016-03-16 14:18:40 - Database Driver Class Initialized
2016-03-16 14:18:40 - Database Driver Class Initialized
2016-03-16 14:19:04 - Database Driver Class Initialized
2016-03-16 14:19:04 - Query error: Unknown column 'china_area_id' in 'where clause' - Invalid query: SELECT *
FROM `djm_area`
WHERE `china_area_id` = '2'
ORDER BY `sort_order` ASC
2016-03-16 14:19:23 - Database Driver Class Initialized
2016-03-16 14:20:05 - Database Driver Class Initialized
2016-03-16 14:20:42 - Database Driver Class Initialized
2016-03-16 14:20:52 - Database Driver Class Initialized
2016-03-16 14:21:28 - Database Driver Class Initialized
2016-03-16 14:21:38 - Database Driver Class Initialized
2016-03-16 14:21:50 - Database Driver Class Initialized
2016-03-16 14:21:50 - Database Driver Class Initialized
2016-03-16 14:21:59 - Database Driver Class Initialized
2016-03-16 14:22:03 - Database Driver Class Initialized
2016-03-16 14:22:06 - Database Driver Class Initialized
2016-03-16 14:23:02 - Database Driver Class Initialized
2016-03-16 14:23:04 - Database Driver Class Initialized
2016-03-16 14:23:16 - Database Driver Class Initialized
2016-03-16 14:23:18 - Database Driver Class Initialized
2016-03-16 14:23:21 - Database Driver Class Initialized
2016-03-16 14:23:23 - Database Driver Class Initialized
2016-03-16 14:24:08 - Database Driver Class Initialized
2016-03-16 14:24:11 - Database Driver Class Initialized
2016-03-16 14:24:12 - Database Driver Class Initialized
2016-03-16 14:24:14 - Database Driver Class Initialized
2016-03-16 14:31:08 - Database Driver Class Initialized
2016-03-16 14:31:21 - Database Driver Class Initialized
2016-03-16 14:32:55 - Database Driver Class Initialized
2016-03-16 14:36:35 - Database Driver Class Initialized
2016-03-16 14:49:36 - Database Driver Class Initialized
2016-03-16 14:49:37 - Database Driver Class Initialized
2016-03-16 14:51:15 - Database Driver Class Initialized
2016-03-16 14:52:06 - Database Driver Class Initialized
2016-03-16 14:52:21 - Database Driver Class Initialized
2016-03-16 14:57:49 - Database Driver Class Initialized
2016-03-16 14:58:26 - Database Driver Class Initialized
2016-03-16 14:58:32 - Database Driver Class Initialized
2016-03-16 14:58:40 - Database Driver Class Initialized
2016-03-16 14:58:42 - Database Driver Class Initialized
2016-03-16 14:58:43 - Database Driver Class Initialized
2016-03-16 14:58:45 - Database Driver Class Initialized
2016-03-16 14:58:45 - Database Driver Class Initialized
2016-03-16 14:58:46 - Database Driver Class Initialized
2016-03-16 14:58:50 - Database Driver Class Initialized
2016-03-16 14:58:52 - Database Driver Class Initialized
2016-03-16 14:58:55 - Database Driver Class Initialized
2016-03-16 14:58:58 - Database Driver Class Initialized
2016-03-16 14:58:59 - Database Driver Class Initialized
2016-03-16 14:59:17 - Database Driver Class Initialized
2016-03-16 14:59:22 - Database Driver Class Initialized
2016-03-16 14:59:27 - Database Driver Class Initialized
2016-03-16 14:59:32 - Database Driver Class Initialized
2016-03-16 15:00:36 - Database Driver Class Initialized
2016-03-16 15:00:42 - Database Driver Class Initialized
2016-03-16 15:00:45 - Database Driver Class Initialized
2016-03-16 15:00:51 - Database Driver Class Initialized
2016-03-16 15:01:17 - Database Driver Class Initialized
2016-03-16 15:02:27 - Database Driver Class Initialized
2016-03-16 15:02:30 - Database Driver Class Initialized
2016-03-16 15:02:34 - Database Driver Class Initialized
2016-03-16 15:02:34 - Database Driver Class Initialized
2016-03-16 15:02:35 - Database Driver Class Initialized
2016-03-16 15:02:39 - Database Driver Class Initialized
2016-03-16 15:02:39 - Database Driver Class Initialized
2016-03-16 15:02:41 - Database Driver Class Initialized
2016-03-16 15:03:34 - Database Driver Class Initialized
2016-03-16 15:03:36 - Database Driver Class Initialized
2016-03-16 15:03:39 - Database Driver Class Initialized
2016-03-16 15:03:39 - Database Driver Class Initialized
2016-03-16 15:03:41 - Database Driver Class Initialized
2016-03-16 15:03:44 - Database Driver Class Initialized
2016-03-16 15:03:44 - Database Driver Class Initialized
2016-03-16 15:12:00 - Database Driver Class Initialized
2016-03-16 15:12:05 - Database Driver Class Initialized
2016-03-16 15:12:32 - Database Driver Class Initialized
2016-03-16 15:13:05 - Database Driver Class Initialized
2016-03-16 15:13:11 - Database Driver Class Initialized
2016-03-16 15:13:19 - Database Driver Class Initialized
2016-03-16 15:13:24 - Database Driver Class Initialized
2016-03-16 15:13:26 - Database Driver Class Initialized
2016-03-16 15:14:00 - Database Driver Class Initialized
2016-03-16 15:14:04 - Database Driver Class Initialized
2016-03-16 15:14:10 - Database Driver Class Initialized
2016-03-16 15:14:13 - Database Driver Class Initialized
2016-03-16 15:15:25 - Database Driver Class Initialized
2016-03-16 15:15:28 - Database Driver Class Initialized
2016-03-16 15:16:35 - Database Driver Class Initialized
2016-03-16 15:16:43 - Database Driver Class Initialized
2016-03-16 15:18:47 - Database Driver Class Initialized
2016-03-16 15:18:51 - Database Driver Class Initialized
2016-03-16 15:19:02 - Database Driver Class Initialized
2016-03-16 15:19:24 - Database Driver Class Initialized
2016-03-16 15:19:48 - Database Driver Class Initialized
2016-03-16 15:19:52 - Database Driver Class Initialized
2016-03-16 15:19:59 - Database Driver Class Initialized
2016-03-16 15:20:07 - Database Driver Class Initialized
2016-03-17 9:55:16 - Database Driver Class Initialized
2016-03-17 10:09:58 - Database Driver Class Initialized
2016-03-17 10:10:04 - Database Driver Class Initialized
2016-03-17 10:10:04 - Database Driver Class Initialized
2016-03-17 10:10:04 - Database Driver Class Initialized
2016-03-17 10:10:04 - Database Driver Class Initialized
2016-03-17 10:10:05 - Database Driver Class Initialized
2016-03-17 10:26:41 - Database Driver Class Initialized
2016-03-17 10:26:42 - Database Driver Class Initialized
2016-03-17 10:26:43 - Database Driver Class Initialized
2016-03-17 10:26:43 - Database Driver Class Initialized
2016-03-17 10:26:53 - Database Driver Class Initialized
2016-03-17 10:26:53 - Database Driver Class Initialized
2016-03-17 10:28:51 - Database Driver Class Initialized
2016-03-17 10:28:55 - Database Driver Class Initialized
2016-03-17 10:28:55 - Database Driver Class Initialized
2016-03-17 10:28:55 - Database Driver Class Initialized
2016-03-17 10:29:01 - Database Driver Class Initialized
2016-03-17 10:29:19 - Database Driver Class Initialized
2016-03-17 10:31:26 - Database Driver Class Initialized
2016-03-17 10:32:26 - Database Driver Class Initialized
2016-03-17 10:32:32 - Database Driver Class Initialized
2016-03-17 10:32:33 - Database Driver Class Initialized
2016-03-17 10:32:38 - Database Driver Class Initialized
2016-03-17 10:35:27 - Database Driver Class Initialized
2016-03-17 10:36:32 - Database Driver Class Initialized
2016-03-17 10:36:33 - Database Driver Class Initialized
2016-03-17 10:36:39 - Database Driver Class Initialized
2016-03-17 10:36:40 - Database Driver Class Initialized
2016-03-17 10:36:46 - Database Driver Class Initialized
2016-03-17 10:36:46 - Database Driver Class Initialized
2016-03-17 10:36:46 - Database Driver Class Initialized
2016-03-17 10:36:54 - Database Driver Class Initialized
2016-03-17 10:36:54 - Database Driver Class Initialized
2016-03-17 10:38:27 - Database Driver Class Initialized
2016-03-17 10:38:32 - Database Driver Class Initialized
2016-03-17 10:38:32 - Database Driver Class Initialized
2016-03-17 10:38:39 - Database Driver Class Initialized
2016-03-17 10:38:45 - Database Driver Class Initialized
2016-03-17 10:40:48 - Database Driver Class Initialized
2016-03-17 10:40:53 - Database Driver Class Initialized
2016-03-17 10:40:53 - Database Driver Class Initialized
2016-03-17 10:41:03 - Database Driver Class Initialized
2016-03-17 10:42:04 - Database Driver Class Initialized
2016-03-17 10:42:05 - Database Driver Class Initialized
2016-03-17 10:42:07 - Database Driver Class Initialized
2016-03-17 10:43:06 - Database Driver Class Initialized
2016-03-17 10:43:15 - Database Driver Class Initialized
2016-03-17 10:43:15 - Database Driver Class Initialized
2016-03-17 10:49:00 - Database Driver Class Initialized
2016-03-17 10:49:00 - Database Driver Class Initialized
2016-03-17 10:49:00 - Database Driver Class Initialized
2016-03-17 10:49:09 - Database Driver Class Initialized
2016-03-17 10:49:23 - Database Driver Class Initialized
2016-03-17 10:49:24 - Database Driver Class Initialized
2016-03-17 10:49:28 - Database Driver Class Initialized
2016-03-17 10:49:41 - Database Driver Class Initialized
2016-03-17 10:49:41 - Database Driver Class Initialized
2016-03-17 10:49:46 - Database Driver Class Initialized
2016-03-17 10:50:00 - Database Driver Class Initialized
2016-03-17 10:50:00 - Database Driver Class Initialized
2016-03-17 10:50:01 - Database Driver Class Initialized
2016-03-17 10:50:06 - Database Driver Class Initialized
2016-03-17 10:50:06 - Database Driver Class Initialized
2016-03-17 10:50:08 - Database Driver Class Initialized
2016-03-17 10:50:14 - Database Driver Class Initialized
2016-03-17 10:50:14 - Database Driver Class Initialized
2016-03-17 14:30:57 - Database Driver Class Initialized
2016-03-17 14:32:21 - Database Driver Class Initialized
2016-03-17 14:32:24 - Database Driver Class Initialized
2016-03-17 14:32:25 - Database Driver Class Initialized
2016-03-17 14:36:26 - Database Driver Class Initialized
2016-03-17 14:36:27 - Database Driver Class Initialized
2016-03-17 14:36:37 - Database Driver Class Initialized
2016-03-17 14:36:45 - Database Driver Class Initialized
2016-03-17 14:40:56 - Database Driver Class Initialized
2016-03-17 14:41:01 - Database Driver Class Initialized
2016-03-17 14:41:04 - Database Driver Class Initialized
2016-03-17 14:41:28 - Database Driver Class Initialized
2016-03-17 14:41:28 - Database Driver Class Initialized
2016-03-17 14:41:33 - Database Driver Class Initialized
2016-03-17 14:41:39 - Database Driver Class Initialized
2016-03-17 14:41:41 - Database Driver Class Initialized
2016-03-17 14:41:43 - Database Driver Class Initialized
2016-03-17 14:43:27 - Database Driver Class Initialized
2016-03-17 14:43:35 - Database Driver Class Initialized
2016-03-17 14:43:36 - Database Driver Class Initialized
2016-03-17 14:43:45 - Database Driver Class Initialized
2016-03-18 8:50:40 - Database Driver Class Initialized
2016-03-18 8:51:25 - Database Driver Class Initialized
2016-03-18 8:51:25 - Database Driver Class Initialized
2016-03-18 8:51:25 - Database Driver Class Initialized
2016-03-18 8:51:25 - Database Driver Class Initialized
2016-03-18 8:51:53 - Database Driver Class Initialized
2016-03-18 8:51:54 - Database Driver Class Initialized
2016-03-18 9:00:35 - Database Driver Class Initialized
2016-03-18 9:00:37 - Database Driver Class Initialized
2016-03-18 9:01:50 - Database Driver Class Initialized
2016-03-18 9:01:52 - Database Driver Class Initialized
2016-03-18 9:02:03 - Database Driver Class Initialized
2016-03-18 9:02:05 - Database Driver Class Initialized
2016-03-18 9:02:16 - Database Driver Class Initialized
2016-03-18 9:02:17 - Database Driver Class Initialized
2016-03-18 9:02:28 - Database Driver Class Initialized
2016-03-18 9:02:29 - Database Driver Class Initialized
2016-03-18 9:02:38 - Database Driver Class Initialized
2016-03-18 9:02:39 - Database Driver Class Initialized
2016-03-18 9:02:53 - Database Driver Class Initialized
2016-03-18 9:02:54 - Database Driver Class Initialized
2016-03-18 9:03:05 - Database Driver Class Initialized
2016-03-18 9:03:06 - Database Driver Class Initialized
2016-03-18 9:03:19 - Database Driver Class Initialized
2016-03-18 9:03:20 - Database Driver Class Initialized
2016-03-18 9:03:30 - Database Driver Class Initialized
2016-03-18 9:03:32 - Database Driver Class Initialized
2016-03-18 9:03:35 - Database Driver Class Initialized
2016-03-18 9:03:36 - Database Driver Class Initialized
2016-03-18 9:03:39 - Database Driver Class Initialized
2016-03-18 9:03:40 - Database Driver Class Initialized
2016-03-18 9:03:46 - Database Driver Class Initialized
2016-03-18 9:03:48 - Database Driver Class Initialized
2016-03-18 9:03:55 - Database Driver Class Initialized
2016-03-18 9:03:56 - Database Driver Class Initialized
2016-03-18 9:03:56 - Database Driver Class Initialized
2016-03-18 9:04:01 - Database Driver Class Initialized
2016-03-18 9:04:02 - Database Driver Class Initialized
2016-03-18 9:04:06 - Database Driver Class Initialized
2016-03-18 9:04:06 - Database Driver Class Initialized
2016-03-18 9:04:08 - Database Driver Class Initialized
2016-03-18 9:04:12 - Database Driver Class Initialized
2016-03-18 9:04:13 - Database Driver Class Initialized
2016-03-18 9:04:16 - Database Driver Class Initialized
2016-03-18 9:04:16 - Database Driver Class Initialized
2016-03-18 9:04:19 - Database Driver Class Initialized
2016-03-18 9:04:22 - Database Driver Class Initialized
2016-03-18 9:04:23 - Database Driver Class Initialized
2016-03-18 9:04:29 - Database Driver Class Initialized
2016-03-18 9:04:30 - Database Driver Class Initialized
2016-03-18 9:04:33 - Database Driver Class Initialized
2016-03-18 9:04:33 - Database Driver Class Initialized
2016-03-18 9:04:36 - Database Driver Class Initialized
2016-03-18 9:04:39 - Database Driver Class Initialized
2016-03-18 9:04:40 - Database Driver Class Initialized
2016-03-18 9:04:45 - Database Driver Class Initialized
2016-03-18 9:04:47 - Database Driver Class Initialized
2016-03-18 9:04:50 - Database Driver Class Initialized
2016-03-18 9:04:50 - Database Driver Class Initialized
2016-03-18 9:25:23 - Database Driver Class Initialized
2016-03-18 9:25:40 - Database Driver Class Initialized
2016-03-18 9:25:43 - Database Driver Class Initialized
2016-03-18 9:25:48 - Database Driver Class Initialized
2016-03-18 9:25:52 - Database Driver Class Initialized
2016-03-18 9:25:52 - Database Driver Class Initialized
2016-03-18 9:25:58 - Database Driver Class Initialized
2016-03-18 9:26:00 - Database Driver Class Initialized
2016-03-18 9:26:01 - Database Driver Class Initialized
2016-03-18 9:26:19 - Database Driver Class Initialized
2016-03-18 9:26:19 - Database Driver Class Initialized
2016-03-18 9:26:19 - Database Driver Class Initialized
2016-03-18 9:26:22 - Database Driver Class Initialized
2016-03-18 9:26:24 - Database Driver Class Initialized
2016-03-18 9:26:24 - Database Driver Class Initialized
2016-03-18 9:26:24 - Database Driver Class Initialized
2016-03-18 9:26:28 - Database Driver Class Initialized
2016-03-18 9:26:29 - Database Driver Class Initialized
2016-03-18 9:26:36 - Database Driver Class Initialized
2016-03-18 9:26:36 - Database Driver Class Initialized
2016-03-18 9:26:42 - Database Driver Class Initialized
2016-03-18 9:26:42 - Database Driver Class Initialized
2016-03-18 9:26:42 - Database Driver Class Initialized
2016-03-18 9:26:46 - Database Driver Class Initialized
2016-03-18 9:26:47 - Database Driver Class Initialized
2016-03-18 9:26:47 - Database Driver Class Initialized
2016-03-18 9:26:49 - Database Driver Class Initialized
2016-03-18 9:26:49 - Database Driver Class Initialized
2016-03-18 9:26:49 - Database Driver Class Initialized
2016-03-18 9:26:49 - Database Driver Class Initialized
2016-03-18 9:27:06 - Database Driver Class Initialized
2016-03-18 9:27:06 - Database Driver Class Initialized
2016-03-18 9:27:06 - Database Driver Class Initialized
2016-03-18 9:27:06 - Database Driver Class Initialized
2016-03-18 9:27:06 - Database Driver Class Initialized
2016-03-18 9:27:06 - Database Driver Class Initialized
2016-03-18 9:27:10 - Database Driver Class Initialized
2016-03-18 9:27:10 - Database Driver Class Initialized
2016-03-18 9:27:19 - Database Driver Class Initialized
2016-03-18 9:27:19 - Database Driver Class Initialized
2016-03-18 9:27:28 - Database Driver Class Initialized
2016-03-18 9:27:28 - Database Driver Class Initialized
2016-03-18 9:27:30 - Database Driver Class Initialized
2016-03-18 9:27:35 - Database Driver Class Initialized
2016-03-18 9:27:38 - Database Driver Class Initialized
2016-03-18 9:27:41 - Database Driver Class Initialized
2016-03-18 9:30:58 - Database Driver Class Initialized
2016-03-18 9:30:58 - Database Driver Class Initialized
2016-03-18 9:30:59 - Database Driver Class Initialized
2016-03-18 9:30:59 - Database Driver Class Initialized
2016-03-18 9:31:03 - Database Driver Class Initialized
2016-03-18 9:34:22 - Database Driver Class Initialized
2016-03-18 9:34:23 - Database Driver Class Initialized
2016-03-18 9:34:25 - Database Driver Class Initialized
2016-03-18 9:34:25 - Database Driver Class Initialized
2016-03-18 9:34:25 - Database Driver Class Initialized
2016-03-18 9:34:25 - Database Driver Class Initialized
2016-03-18 9:34:25 - Database Driver Class Initialized
2016-03-18 9:34:25 - Database Driver Class Initialized
2016-03-18 9:34:31 - Database Driver Class Initialized
2016-03-18 9:34:31 - Database Driver Class Initialized
2016-03-18 9:34:31 - Database Driver Class Initialized
2016-03-18 9:34:31 - Database Driver Class Initialized
2016-03-18 9:34:40 - Database Driver Class Initialized
2016-03-18 9:34:40 - Database Driver Class Initialized
2016-03-18 9:34:40 - Database Driver Class Initialized
2016-03-18 9:34:43 - Database Driver Class Initialized
2016-03-18 9:34:43 - Database Driver Class Initialized
2016-03-18 9:34:43 - Database Driver Class Initialized
2016-03-18 9:36:56 - Database Driver Class Initialized
2016-03-18 9:36:56 - Database Driver Class Initialized
2016-03-18 9:36:56 - Database Driver Class Initialized
2016-03-18 9:36:56 - Database Driver Class Initialized
2016-03-18 9:36:56 - Database Driver Class Initialized
2016-03-18 9:36:56 - Database Driver Class Initialized
2016-03-18 9:36:58 - Database Driver Class Initialized
2016-03-18 9:36:58 - Database Driver Class Initialized
2016-03-18 9:36:59 - Database Driver Class Initialized
2016-03-18 9:36:59 - Database Driver Class Initialized
2016-03-18 9:37:01 - Database Driver Class Initialized
2016-03-18 9:37:01 - Database Driver Class Initialized
2016-03-18 9:37:01 - Database Driver Class Initialized
2016-03-18 9:37:03 - Database Driver Class Initialized
2016-03-18 9:37:03 - Database Driver Class Initialized
2016-03-18 9:37:03 - Database Driver Class Initialized
2016-03-18 9:37:08 - Database Driver Class Initialized
2016-03-18 9:37:32 - Database Driver Class Initialized
2016-03-18 9:37:32 - Database Driver Class Initialized
2016-03-18 9:37:32 - Database Driver Class Initialized
2016-03-18 9:37:34 - Database Driver Class Initialized
2016-03-18 9:37:35 - Database Driver Class Initialized
2016-03-18 9:37:35 - Database Driver Class Initialized
2016-03-18 11:30:50 - Database Driver Class Initialized
2016-03-18 11:30:50 - Database Driver Class Initialized
2016-03-18 11:30:50 - Database Driver Class Initialized
2016-03-18 11:30:50 - Database Driver Class Initialized
2016-03-18 11:30:50 - Database Driver Class Initialized
2016-03-18 11:30:51 - Database Driver Class Initialized
2016-03-18 11:31:02 - Database Driver Class Initialized
2016-03-18 11:31:02 - Database Driver Class Initialized
2016-03-18 11:31:03 - Database Driver Class Initialized
2016-03-18 11:31:03 - Database Driver Class Initialized
2016-03-18 11:36:28 - Database Driver Class Initialized
2016-03-18 11:36:28 - Database Driver Class Initialized
2016-03-18 11:36:29 - Database Driver Class Initialized
2016-03-18 11:36:29 - Database Driver Class Initialized
2016-03-18 11:36:29 - Database Driver Class Initialized
2016-03-18 11:36:29 - Database Driver Class Initialized
2016-03-18 11:36:49 - Database Driver Class Initialized
2016-03-18 11:36:49 - Database Driver Class Initialized
2016-03-18 11:36:49 - Database Driver Class Initialized
2016-03-18 11:36:49 - Database Driver Class Initialized
2016-03-18 11:36:49 - Database Driver Class Initialized
2016-03-18 11:36:49 - Database Driver Class Initialized
2016-03-18 11:36:52 - Database Driver Class Initialized
2016-03-18 11:36:52 - Database Driver Class Initialized
2016-03-18 11:36:52 - Database Driver Class Initialized
2016-03-18 11:36:52 - Database Driver Class Initialized
2016-03-18 11:36:58 - Database Driver Class Initialized
2016-03-18 11:36:58 - Database Driver Class Initialized
2016-03-18 11:36:59 - Database Driver Class Initialized
2016-03-18 11:37:06 - Database Driver Class Initialized
2016-03-18 11:37:07 - Database Driver Class Initialized
2016-03-18 11:37:07 - Database Driver Class Initialized
2016-03-21 9:48:50 - Database Driver Class Initialized
2016-03-21 9:48:54 - Database Driver Class Initialized
2016-03-21 9:48:54 - Database Driver Class Initialized
2016-03-21 9:48:54 - Database Driver Class Initialized
2016-03-21 9:48:54 - Database Driver Class Initialized
2016-03-21 9:53:43 - Database Driver Class Initialized
2016-03-21 10:06:57 - Database Driver Class Initialized
2016-03-21 10:07:58 - Database Driver Class Initialized
2016-03-21 10:08:01 - Database Driver Class Initialized
2016-03-21 10:08:03 - Database Driver Class Initialized
2016-03-21 10:08:06 - Database Driver Class Initialized
2016-03-21 10:08:08 - Database Driver Class Initialized
2016-03-21 10:15:23 - Database Driver Class Initialized
2016-03-21 10:15:27 - Database Driver Class Initialized
2016-03-21 10:16:21 - Database Driver Class Initialized
2016-03-21 10:20:05 - Database Driver Class Initialized
2016-03-21 10:22:24 - Database Driver Class Initialized
2016-03-21 10:25:21 - Database Driver Class Initialized
2016-03-21 10:26:01 - Database Driver Class Initialized
2016-03-21 10:26:08 - Database Driver Class Initialized
2016-03-21 10:26:08 - Database Driver Class Initialized
2016-03-21 10:26:10 - Database Driver Class Initialized
2016-03-21 10:29:44 - Database Driver Class Initialized
2016-03-21 10:30:18 - Database Driver Class Initialized
2016-03-21 10:30:30 - Database Driver Class Initialized
2016-03-21 10:30:31 - Database Driver Class Initialized
2016-03-21 10:30:36 - Database Driver Class Initialized
2016-03-21 10:30:41 - Database Driver Class Initialized
2016-03-21 10:30:41 - Database Driver Class Initialized
2016-03-21 10:30:45 - Database Driver Class Initialized
2016-03-21 10:30:47 - Database Driver Class Initialized
2016-03-21 10:30:51 - Database Driver Class Initialized
2016-03-21 10:30:54 - Database Driver Class Initialized
2016-03-21 10:30:55 - Database Driver Class Initialized
2016-03-21 10:30:57 - Database Driver Class Initialized
2016-03-21 10:31:00 - Database Driver Class Initialized
2016-03-21 10:31:00 - Database Driver Class Initialized
2016-03-21 10:31:02 - Database Driver Class Initialized
2016-03-21 10:31:05 - Database Driver Class Initialized
2016-03-21 10:31:06 - Database Driver Class Initialized
2016-03-21 10:31:07 - Database Driver Class Initialized
2016-03-21 10:31:10 - Database Driver Class Initialized
2016-03-21 10:31:10 - Database Driver Class Initialized
2016-03-21 10:31:13 - Database Driver Class Initialized
2016-03-21 10:31:18 - Database Driver Class Initialized
2016-03-21 10:31:18 - Database Driver Class Initialized
2016-03-21 10:31:20 - Database Driver Class Initialized
2016-03-21 10:31:21 - Database Driver Class Initialized
2016-03-21 10:34:41 - Database Driver Class Initialized
2016-03-21 10:34:50 - Database Driver Class Initialized
2016-03-21 10:35:00 - Database Driver Class Initialized
2016-03-21 10:36:27 - Database Driver Class Initialized
2016-03-21 10:36:27 - Database Driver Class Initialized
2016-03-21 10:36:29 - Database Driver Class Initialized
2016-03-21 10:37:28 - Database Driver Class Initialized
2016-03-21 10:37:28 - Database Driver Class Initialized
2016-03-21 11:19:14 - Database Driver Class Initialized
2016-03-21 11:19:17 - Database Driver Class Initialized
2016-03-21 11:19:26 - Database Driver Class Initialized
2016-03-21 11:19:30 - Database Driver Class Initialized
2016-03-21 11:19:33 - Database Driver Class Initialized
2016-03-21 11:19:35 - Database Driver Class Initialized
2016-03-21 11:19:36 - Database Driver Class Initialized
2016-03-21 11:19:37 - Database Driver Class Initialized
2016-03-21 11:24:05 - Database Driver Class Initialized
2016-03-21 11:24:05 - Database Driver Class Initialized
2016-03-21 11:24:15 - Database Driver Class Initialized
2016-03-21 11:24:18 - Database Driver Class Initialized
2016-03-21 11:24:19 - Database Driver Class Initialized
2016-03-21 11:24:23 - Database Driver Class Initialized
2016-03-21 11:24:23 - Database Driver Class Initialized
2016-03-21 11:24:23 - Database Driver Class Initialized
2016-03-21 11:24:23 - Database Driver Class Initialized
2016-03-21 11:24:23 - Database Driver Class Initialized
2016-03-21 11:24:23 - Database Driver Class Initialized
2016-03-21 11:24:41 - Database Driver Class Initialized
2016-03-21 11:24:41 - Database Driver Class Initialized
2016-03-21 11:24:41 - Database Driver Class Initialized
2016-03-21 11:24:41 - Database Driver Class Initialized
2016-03-21 13:52:51 - Database Driver Class Initialized
2016-03-21 13:52:56 - Database Driver Class Initialized
2016-03-21 13:53:06 - Database Driver Class Initialized
2016-03-21 13:53:06 - Database Driver Class Initialized
2016-03-21 13:53:07 - Database Driver Class Initialized
2016-03-21 13:53:08 - Database Driver Class Initialized
2016-03-21 13:53:08 - Database Driver Class Initialized
2016-03-21 13:53:08 - Database Driver Class Initialized
2016-03-21 13:53:08 - Database Driver Class Initialized
2016-03-21 13:53:08 - Database Driver Class Initialized
2016-03-21 13:53:09 - Database Driver Class Initialized
2016-03-21 13:53:09 - Database Driver Class Initialized
2016-03-21 13:53:09 - Database Driver Class Initialized
2016-03-21 13:53:09 - Database Driver Class Initialized
2016-03-21 13:53:13 - Database Driver Class Initialized
2016-03-21 13:53:13 - Database Driver Class Initialized
2016-03-21 13:53:13 - Database Driver Class Initialized
2016-03-21 13:53:14 - Database Driver Class Initialized
2016-03-21 13:53:14 - Database Driver Class Initialized
2016-03-21 13:53:14 - Database Driver Class Initialized
2016-03-22 13:43:32 - Database Driver Class Initialized
2016-03-22 13:43:38 - Database Driver Class Initialized
2016-03-22 13:43:42 - Database Driver Class Initialized
2016-03-22 13:43:42 - Database Driver Class Initialized
2016-03-22 13:43:42 - Database Driver Class Initialized
2016-03-22 13:43:42 - Database Driver Class Initialized
2016-03-22 13:43:52 - Database Driver Class Initialized
2016-03-22 13:44:05 - Database Driver Class Initialized
2016-03-22 13:44:07 - Database Driver Class Initialized
2016-03-22 13:44:10 - Database Driver Class Initialized
2016-03-22 13:44:13 - Database Driver Class Initialized
2016-03-22 13:45:20 - Database Driver Class Initialized
2016-03-22 13:45:23 - Database Driver Class Initialized
2016-03-22 13:45:36 - Database Driver Class Initialized
2016-03-22 13:45:44 - Database Driver Class Initialized
2016-03-22 13:45:51 - Database Driver Class Initialized
2016-03-22 13:45:51 - Database Driver Class Initialized
2016-03-22 13:45:58 - Database Driver Class Initialized
2016-03-22 13:46:03 - Database Driver Class Initialized
2016-03-22 13:46:05 - Database Driver Class Initialized
2016-03-22 13:55:03 - Database Driver Class Initialized
2016-03-22 13:55:08 - Database Driver Class Initialized
2016-03-22 13:55:09 - Database Driver Class Initialized
2016-03-22 13:55:57 - Database Driver Class Initialized
2016-03-22 13:55:59 - Database Driver Class Initialized
2016-03-22 13:56:03 - Database Driver Class Initialized
2016-03-22 13:56:05 - Database Driver Class Initialized
2016-03-22 13:56:06 - Database Driver Class Initialized
2016-03-22 13:56:09 - Database Driver Class Initialized
2016-03-22 14:20:50 - Database Driver Class Initialized
2016-03-22 14:20:57 - Database Driver Class Initialized
2016-03-22 14:21:06 - Database Driver Class Initialized
2016-03-22 14:21:08 - Database Driver Class Initialized
2016-03-22 14:23:04 - Database Driver Class Initialized
2016-03-22 14:23:06 - Database Driver Class Initialized
2016-03-22 15:18:21 - Database Driver Class Initialized
2016-03-22 15:18:38 - Database Driver Class Initialized
2016-03-22 15:18:56 - Database Driver Class Initialized
2016-03-22 15:19:40 - Database Driver Class Initialized
2016-03-22 15:56:06 - Database Driver Class Initialized
2016-03-22 15:56:38 - Database Driver Class Initialized
2016-03-23 8:37:55 - Database Driver Class Initialized
2016-03-23 8:38:20 - Database Driver Class Initialized
2016-03-23 8:38:26 - Database Driver Class Initialized
2016-03-23 8:38:27 - Database Driver Class Initialized
2016-03-23 8:38:27 - Database Driver Class Initialized
2016-03-23 8:38:27 - Database Driver Class Initialized
2016-03-23 8:44:30 - Database Driver Class Initialized
2016-03-23 8:44:30 - Database Driver Class Initialized
2016-03-23 8:44:30 - Database Driver Class Initialized
2016-03-23 8:44:35 - Database Driver Class Initialized
2016-03-23 8:44:38 - Database Driver Class Initialized
2016-03-23 8:58:16 - Database Driver Class Initialized
2016-03-23 8:58:30 - Database Driver Class Initialized
2016-03-23 8:59:08 - Database Driver Class Initialized
2016-03-23 9:00:38 - Database Driver Class Initialized
2016-03-23 9:00:45 - Database Driver Class Initialized
2016-03-23 9:01:20 - Database Driver Class Initialized
2016-03-23 10:03:20 - Database Driver Class Initialized
2016-03-23 10:03:24 - Database Driver Class Initialized
2016-03-23 10:03:28 - Database Driver Class Initialized
2016-03-23 10:03:30 - Database Driver Class Initialized
2016-03-23 10:03:39 - Database Driver Class Initialized
2016-03-23 10:03:43 - Database Driver Class Initialized
2016-03-23 10:03:47 - Database Driver Class Initialized
2016-03-23 10:03:48 - Database Driver Class Initialized
2016-03-23 10:03:55 - Database Driver Class Initialized
2016-03-23 10:03:57 - Database Driver Class Initialized
2016-03-23 10:04:02 - Database Driver Class Initialized
2016-03-23 10:04:04 - Database Driver Class Initialized
2016-03-23 10:04:10 - Database Driver Class Initialized
2016-03-23 10:04:10 - Database Driver Class Initialized
2016-03-23 10:04:17 - Database Driver Class Initialized
2016-03-23 10:04:21 - Database Driver Class Initialized
2016-03-23 10:04:21 - Database Driver Class Initialized
2016-03-23 10:04:25 - Database Driver Class Initialized
2016-03-23 10:04:28 - Database Driver Class Initialized
2016-03-23 10:04:29 - Database Driver Class Initialized
2016-03-23 10:04:30 - Database Driver Class Initialized
2016-03-23 10:04:36 - Database Driver Class Initialized
2016-03-23 10:04:46 - Database Driver Class Initialized
2016-03-23 10:05:15 - Database Driver Class Initialized
2016-03-23 10:05:15 - Database Driver Class Initialized
2016-03-23 10:05:17 - Database Driver Class Initialized
2016-03-23 10:05:19 - Database Driver Class Initialized
2016-03-23 10:05:21 - Database Driver Class Initialized
2016-03-23 10:05:22 - Database Driver Class Initialized
2016-03-23 10:05:32 - Database Driver Class Initialized
2016-03-23 10:05:35 - Database Driver Class Initialized
2016-03-23 10:05:38 - Database Driver Class Initialized
2016-03-23 10:05:39 - Database Driver Class Initialized
2016-03-23 10:05:45 - Database Driver Class Initialized
2016-03-23 10:05:47 - Database Driver Class Initialized
2016-03-23 10:05:49 - Database Driver Class Initialized
2016-03-23 10:05:50 - Database Driver Class Initialized
2016-03-23 10:05:51 - Database Driver Class Initialized
2016-03-23 10:05:54 - Database Driver Class Initialized
2016-03-23 10:05:56 - Database Driver Class Initialized
2016-03-23 10:05:58 - Database Driver Class Initialized
2016-03-23 10:06:00 - Database Driver Class Initialized
2016-03-23 10:06:01 - Database Driver Class Initialized
2016-03-23 10:06:02 - Database Driver Class Initialized
2016-03-23 10:06:02 - Database Driver Class Initialized
2016-03-23 10:06:06 - Database Driver Class Initialized
2016-03-23 10:06:08 - Database Driver Class Initialized
2016-03-23 10:06:10 - Database Driver Class Initialized
2016-03-23 10:06:10 - Database Driver Class Initialized
2016-03-23 10:06:13 - Database Driver Class Initialized
2016-03-23 10:06:14 - Database Driver Class Initialized
2016-03-23 10:41:53 - Database Driver Class Initialized
2016-03-23 11:05:54 - Database Driver Class Initialized
2016-03-23 11:06:12 - Database Driver Class Initialized
2016-03-23 11:06:50 - Database Driver Class Initialized
2016-03-23 11:06:54 - Database Driver Class Initialized
2016-03-23 11:07:31 - Database Driver Class Initialized
2016-03-23 11:07:55 - Database Driver Class Initialized
2016-03-23 11:07:58 - Database Driver Class Initialized
2016-03-23 11:08:35 - Database Driver Class Initialized
2016-03-23 11:09:30 - Database Driver Class Initialized
2016-03-23 11:10:42 - Database Driver Class Initialized
2016-03-23 11:10:47 - Database Driver Class Initialized
2016-03-23 11:10:49 - Database Driver Class Initialized
2016-03-23 11:10:51 - Database Driver Class Initialized
2016-03-23 11:10:59 - Database Driver Class Initialized
2016-03-23 11:17:18 - Database Driver Class Initialized
2016-03-23 11:17:20 - Database Driver Class Initialized
2016-03-23 11:17:37 - Database Driver Class Initialized
2016-03-23 11:17:40 - Database Driver Class Initialized
2016-03-23 11:17:42 - Database Driver Class Initialized
2016-03-23 11:17:46 - Database Driver Class Initialized
2016-03-23 11:17:49 - Database Driver Class Initialized
2016-03-23 11:17:50 - Database Driver Class Initialized
2016-03-23 11:17:50 - Database Driver Class Initialized
2016-03-23 11:17:51 - Database Driver Class Initialized
2016-03-23 11:17:51 - Database Driver Class Initialized
2016-03-23 11:17:52 - Database Driver Class Initialized
2016-03-23 11:17:52 - Database Driver Class Initialized
2016-03-23 11:17:54 - Database Driver Class Initialized
2016-03-23 11:21:55 - Database Driver Class Initialized
2016-03-23 11:21:57 - Database Driver Class Initialized
2016-03-23 11:21:59 - Database Driver Class Initialized
2016-03-23 11:21:59 - Database Driver Class Initialized
2016-03-23 11:22:00 - Database Driver Class Initialized
2016-03-23 11:22:03 - Database Driver Class Initialized
2016-03-23 11:22:05 - Database Driver Class Initialized
2016-03-23 11:22:10 - Database Driver Class Initialized
2016-03-23 11:22:11 - Database Driver Class Initialized
2016-03-23 11:22:14 - Database Driver Class Initialized
2016-03-23 11:22:14 - Database Driver Class Initialized
2016-03-23 11:22:25 - Database Driver Class Initialized
2016-03-23 11:23:50 - Database Driver Class Initialized
2016-03-23 11:23:54 - Database Driver Class Initialized
2016-03-23 11:23:54 - Database Driver Class Initialized
2016-03-23 11:23:55 - Database Driver Class Initialized
2016-03-23 11:23:56 - Database Driver Class Initialized
2016-03-23 11:24:04 - Database Driver Class Initialized
2016-03-23 11:25:49 - Database Driver Class Initialized
2016-03-23 11:25:53 - Database Driver Class Initialized
2016-03-23 11:25:54 - Database Driver Class Initialized
2016-03-23 11:25:55 - Database Driver Class Initialized
2016-03-23 11:25:55 - Database Driver Class Initialized
2016-03-23 11:25:55 - Database Driver Class Initialized
2016-03-23 11:25:55 - Database Driver Class Initialized
2016-03-23 11:26:03 - Database Driver Class Initialized
2016-03-23 11:26:06 - Database Driver Class Initialized
2016-03-23 11:26:08 - Database Driver Class Initialized
2016-03-23 11:26:10 - Database Driver Class Initialized
2016-03-23 11:26:10 - Database Driver Class Initialized
2016-03-23 11:26:49 - Database Driver Class Initialized
2016-03-23 11:26:53 - Database Driver Class Initialized
2016-03-23 11:26:54 - Database Driver Class Initialized
2016-03-23 11:26:56 - Database Driver Class Initialized
2016-03-23 11:26:57 - Database Driver Class Initialized
2016-03-23 11:26:59 - Database Driver Class Initialized
2016-03-23 11:27:01 - Database Driver Class Initialized
2016-03-23 11:27:03 - Database Driver Class Initialized
2016-03-23 11:27:03 - Database Driver Class Initialized
2016-03-23 11:27:06 - Database Driver Class Initialized
2016-03-23 13:37:20 - Database Driver Class Initialized
2016-03-23 13:37:24 - Database Driver Class Initialized
2016-03-23 13:37:27 - Database Driver Class Initialized
2016-03-23 13:40:56 - Database Driver Class Initialized
2016-03-23 13:42:27 - Database Driver Class Initialized
2016-03-23 13:42:37 - Database Driver Class Initialized
2016-03-23 13:42:37 - Database Driver Class Initialized
2016-03-23 13:42:37 - Database Driver Class Initialized
2016-03-23 13:42:50 - Database Driver Class Initialized
2016-03-24 10:08:41 - Database Driver Class Initialized
2016-03-24 14:06:47 - Database Driver Class Initialized
2016-03-24 14:06:55 - Database Driver Class Initialized
2016-03-24 14:06:58 - Database Driver Class Initialized
2016-03-24 14:06:58 - Database Driver Class Initialized
2016-03-24 14:06:59 - Database Driver Class Initialized
2016-03-24 14:06:59 - Database Driver Class Initialized
2016-03-25 9:55:00 - Database Driver Class Initialized
2016-03-25 10:05:48 - Database Driver Class Initialized
2016-03-25 10:05:52 - Database Driver Class Initialized
2016-03-25 10:05:52 - Database Driver Class Initialized
2016-03-25 10:05:52 - Database Driver Class Initialized
2016-03-25 10:05:52 - Database Driver Class Initialized
2016-03-25 10:33:56 - Database Driver Class Initialized
2016-03-25 13:41:19 - Database Driver Class Initialized
2016-03-25 13:41:29 - Database Driver Class Initialized
2016-03-25 13:41:31 - Database Driver Class Initialized
2016-03-25 13:41:41 - Database Driver Class Initialized
2016-03-25 13:41:41 - Database Driver Class Initialized
2016-03-25 13:41:45 - Database Driver Class Initialized
2016-03-25 13:42:13 - Database Driver Class Initialized
2016-03-25 13:42:13 - Query error: Unknown column 'factory_id' in 'order clause' - Invalid query: SELECT *
FROM `djm_case`
ORDER BY `factory_id` ASC
 LIMIT 20
2016-03-25 13:43:00 - Database Driver Class Initialized
2016-03-25 13:43:58 - Database Driver Class Initialized
2016-03-25 13:43:59 - Database Driver Class Initialized
2016-03-25 15:28:19 - Database Driver Class Initialized
2016-03-25 15:28:22 - Database Driver Class Initialized
2016-03-25 15:28:25 - Database Driver Class Initialized
2016-03-25 16:17:31 - Database Driver Class Initialized
2016-03-25 16:17:32 - Database Driver Class Initialized
2016-03-25 16:17:43 - Database Driver Class Initialized
2016-03-25 16:17:45 - Database Driver Class Initialized
2016-03-25 16:18:10 - Database Driver Class Initialized
2016-03-25 16:20:27 - Database Driver Class Initialized
2016-03-25 16:20:28 - Database Driver Class Initialized
2016-03-25 16:42:11 - Database Driver Class Initialized
2016-03-25 16:43:22 - Database Driver Class Initialized
2016-03-25 16:44:03 - Database Driver Class Initialized
2016-03-25 16:44:04 - Database Driver Class Initialized
2016-03-25 16:44:20 - Database Driver Class Initialized
2016-03-25 16:44:21 - Database Driver Class Initialized
2016-03-25 16:44:26 - Database Driver Class Initialized
2016-03-25 16:44:38 - Database Driver Class Initialized
2016-03-25 16:44:39 - Database Driver Class Initialized
2016-03-25 16:44:46 - Database Driver Class Initialized
2016-03-25 16:45:24 - Database Driver Class Initialized
2016-03-25 16:45:27 - Database Driver Class Initialized
2016-03-25 16:45:28 - Database Driver Class Initialized
2016-03-25 16:45:34 - Database Driver Class Initialized
2016-03-25 16:45:34 - Query error: Field 'date_added' doesn't have a default value - Invalid query: INSERT INTO `djm_case` (`case_name`, `case_date`, `image`, `description`, `sort_order`) VALUES ('', '2016-03-23', 'catalog/demo/11.png', NULL, '1')
2016-03-25 16:45:34 - Database Driver Class Initialized
2016-03-25 16:46:22 - Database Driver Class Initialized
2016-03-25 16:46:35 - Database Driver Class Initialized
2016-03-25 16:46:36 - Database Driver Class Initialized
2016-03-25 16:46:39 - Database Driver Class Initialized
2016-03-25 16:46:39 - Query error: Field 'date_added' doesn't have a default value - Invalid query: INSERT INTO `djm_case` (`case_name`, `case_date`, `image`, `description`, `sort_order`) VALUES ('', '2016-03-25', 'catalog/demo/11.png', NULL, '1')
2016-03-25 16:46:39 - Database Driver Class Initialized
2016-03-25 16:47:06 - Database Driver Class Initialized
2016-03-25 16:47:10 - Database Driver Class Initialized
2016-03-25 16:47:12 - Database Driver Class Initialized
2016-03-25 16:47:15 - Database Driver Class Initialized
2016-03-25 16:51:47 - Database Driver Class Initialized
2016-03-25 16:51:51 - Database Driver Class Initialized
2016-03-25 16:51:52 - Database Driver Class Initialized
2016-03-25 16:52:05 - Database Driver Class Initialized
2016-03-25 16:52:05 - Query error: Field 'date_added' doesn't have a default value - Invalid query: INSERT INTO `djm_case` (`case_name`, `case_date`, `image`, `description`, `sort_order`) VALUES ('', '2016-03-25', 'catalog/demo/11.png', '&lt;p&gt;hello&lt;/p&gt;&lt;p&gt;world&lt;/p&gt;', '1')
2016-03-25 16:52:27 - Database Driver Class Initialized
2016-03-25 16:52:30 - Database Driver Class Initialized
2016-03-25 16:52:31 - Database Driver Class Initialized
2016-03-25 16:52:34 - Database Driver Class Initialized
2016-03-25 16:52:51 - Database Driver Class Initialized
2016-03-25 16:52:55 - Database Driver Class Initialized
2016-03-25 16:52:58 - Database Driver Class Initialized
2016-03-25 16:53:45 - Database Driver Class Initialized
2016-03-25 16:53:46 - Database Driver Class Initialized
2016-03-25 16:54:17 - Database Driver Class Initialized
2016-03-25 16:54:18 - Database Driver Class Initialized
2016-03-25 16:58:05 - Database Driver Class Initialized
2016-03-25 16:58:06 - Database Driver Class Initialized
2016-03-25 16:58:07 - Database Driver Class Initialized
2016-03-25 16:58:07 - Database Driver Class Initialized
2016-03-25 16:58:07 - Database Driver Class Initialized
2016-03-25 16:58:23 - Database Driver Class Initialized
2016-03-28 9:36:40 - Database Driver Class Initialized
2016-03-28 9:36:46 - Database Driver Class Initialized
2016-03-28 9:36:46 - Database Driver Class Initialized
2016-03-28 9:36:46 - Database Driver Class Initialized
2016-03-28 9:36:46 - Database Driver Class Initialized
2016-03-28 9:37:00 - Database Driver Class Initialized
2016-03-28 9:42:07 - Database Driver Class Initialized
2016-03-28 9:45:09 - Database Driver Class Initialized
2016-03-28 9:45:13 - Database Driver Class Initialized
2016-03-28 9:46:10 - Database Driver Class Initialized
2016-03-28 9:48:43 - Database Driver Class Initialized
2016-03-28 9:48:44 - Database Driver Class Initialized
2016-03-28 9:48:45 - Database Driver Class Initialized
2016-03-28 9:48:45 - Database Driver Class Initialized
2016-03-28 9:49:08 - Database Driver Class Initialized
2016-03-28 9:49:09 - Database Driver Class Initialized
2016-03-28 9:50:18 - Database Driver Class Initialized
2016-03-28 9:51:01 - Database Driver Class Initialized
2016-03-28 10:03:06 - Database Driver Class Initialized
2016-03-28 10:03:47 - Database Driver Class Initialized
2016-03-28 10:03:50 - Database Driver Class Initialized
2016-03-28 10:03:50 - Database Driver Class Initialized
2016-03-28 10:03:59 - Database Driver Class Initialized
2016-03-28 10:04:02 - Database Driver Class Initialized
2016-03-28 10:04:09 - Database Driver Class Initialized
2016-03-28 10:04:10 - Database Driver Class Initialized
2016-03-28 10:04:19 - Database Driver Class Initialized
2016-03-28 10:13:02 - Database Driver Class Initialized
2016-03-28 10:13:05 - Database Driver Class Initialized
2016-03-28 10:13:07 - Database Driver Class Initialized
2016-03-28 10:13:09 - Database Driver Class Initialized
2016-03-28 10:13:11 - Database Driver Class Initialized
2016-03-28 10:13:13 - Database Driver Class Initialized
2016-03-28 10:13:16 - Database Driver Class Initialized
2016-03-28 10:13:21 - Database Driver Class Initialized
2016-03-28 10:16:17 - Database Driver Class Initialized
2016-03-28 10:16:18 - Database Driver Class Initialized
2016-03-28 10:16:21 - Database Driver Class Initialized
2016-03-28 13:54:31 - Database Driver Class Initialized
2016-03-28 13:57:38 - Database Driver Class Initialized
2016-03-28 13:58:30 - Database Driver Class Initialized
2016-03-28 13:58:41 - Database Driver Class Initialized
2016-03-28 13:59:21 - Database Driver Class Initialized
2016-03-28 13:59:24 - Database Driver Class Initialized
2016-03-28 14:00:15 - Database Driver Class Initialized
2016-03-28 14:00:52 - Database Driver Class Initialized
2016-03-28 14:01:11 - Database Driver Class Initialized
2016-03-28 14:01:12 - Database Driver Class Initialized
2016-03-28 14:02:11 - Database Driver Class Initialized
2016-03-28 14:02:45 - Database Driver Class Initialized
2016-03-28 14:02:54 - Database Driver Class Initialized
2016-03-28 14:02:56 - Database Driver Class Initialized
2016-03-28 14:04:26 - Database Driver Class Initialized
2016-03-28 14:04:31 - Database Driver Class Initialized
2016-03-28 14:04:49 - Database Driver Class Initialized
2016-03-28 14:04:55 - Database Driver Class Initialized
2016-03-28 14:21:56 - Database Driver Class Initialized
2016-03-28 14:23:30 - Database Driver Class Initialized
2016-03-28 14:23:44 - Database Driver Class Initialized
2016-03-28 14:23:54 - Database Driver Class Initialized
2016-03-28 14:25:24 - Database Driver Class Initialized
2016-03-28 14:26:10 - Database Driver Class Initialized
2016-03-28 14:27:58 - Database Driver Class Initialized
2016-03-28 14:28:04 - Database Driver Class Initialized
2016-03-28 14:28:04 - Query error: Column 'case_id' cannot be null - Invalid query: INSERT INTO `djm_case_picture` (`case_id`, `image`, `title`, `description`, `sort_order`) VALUES (NULL, '', 'aaaa', '&lt;p&gt;&lt;br&gt;&lt;/p&gt;', '1')
2016-03-28 14:28:04 - Database Driver Class Initialized
2016-03-28 14:28:13 - Database Driver Class Initialized
2016-03-28 14:28:13 - Database Driver Class Initialized
2016-03-28 14:28:13 - Database Driver Class Initialized
2016-03-28 14:29:05 - Database Driver Class Initialized
2016-03-28 14:29:07 - Database Driver Class Initialized
2016-03-28 14:30:27 - Database Driver Class Initialized
2016-03-28 14:30:36 - Database Driver Class Initialized
2016-03-28 14:30:46 - Database Driver Class Initialized
2016-03-28 14:30:46 - Query error: Column 'case_id' cannot be null - Invalid query: INSERT INTO `djm_case_picture` (`case_id`, `image`, `title`, `description`, `sort_order`) VALUES (NULL, '', 'aaaa', '&lt;p&gt;aaaaa&lt;/p&gt;', '1')
2016-03-28 14:30:46 - Database Driver Class Initialized
2016-03-28 14:32:33 - Database Driver Class Initialized
2016-03-28 14:32:36 - Database Driver Class Initialized
2016-03-28 14:32:43 - Database Driver Class Initialized
2016-03-28 14:32:44 - Database Driver Class Initialized
2016-03-28 14:32:49 - Database Driver Class Initialized
2016-03-28 14:32:55 - Database Driver Class Initialized
2016-03-28 14:33:36 - Database Driver Class Initialized
2016-03-28 14:33:41 - Database Driver Class Initialized
2016-03-28 14:33:43 - Database Driver Class Initialized
2016-03-28 14:34:39 - Database Driver Class Initialized
2016-03-28 14:35:14 - Database Driver Class Initialized
2016-03-28 14:35:15 - Database Driver Class Initialized
2016-03-28 14:35:18 - Database Driver Class Initialized
2016-03-28 14:35:27 - Database Driver Class Initialized
2016-03-28 14:35:27 - Database Driver Class Initialized
2016-03-28 14:35:33 - Database Driver Class Initialized
2016-03-28 14:35:35 - Database Driver Class Initialized
2016-03-28 14:35:39 - Database Driver Class Initialized
2016-03-28 14:35:42 - Database Driver Class Initialized
2016-03-28 14:35:46 - Database Driver Class Initialized
2016-03-28 14:35:51 - Database Driver Class Initialized
2016-03-28 14:35:59 - Database Driver Class Initialized
2016-03-28 14:36:00 - Database Driver Class Initialized
2016-03-28 14:36:07 - Database Driver Class Initialized
2016-03-28 14:36:07 - Database Driver Class Initialized
2016-03-28 14:36:10 - Database Driver Class Initialized
2016-03-28 14:36:14 - Database Driver Class Initialized
2016-03-28 14:36:28 - Database Driver Class Initialized
2016-03-28 14:36:30 - Database Driver Class Initialized
2016-03-28 14:36:30 - Database Driver Class Initialized
2016-03-28 14:36:43 - Database Driver Class Initialized
2016-03-28 14:36:43 - Database Driver Class Initialized
2016-03-28 14:36:46 - Database Driver Class Initialized
2016-03-28 14:36:47 - Database Driver Class Initialized
2016-03-28 14:36:59 - Database Driver Class Initialized
2016-03-28 14:37:07 - Database Driver Class Initialized
2016-03-28 14:37:45 - Database Driver Class Initialized
2016-03-28 14:37:56 - Database Driver Class Initialized
2016-03-28 14:38:40 - Database Driver Class Initialized
2016-03-28 14:38:42 - Database Driver Class Initialized
2016-03-28 14:40:03 - Database Driver Class Initialized
2016-03-28 14:57:13 - Database Driver Class Initialized
2016-03-28 14:58:07 - Database Driver Class Initialized
2016-03-28 14:58:11 - Database Driver Class Initialized
2016-03-28 14:58:32 - Database Driver Class Initialized
2016-03-28 14:58:38 - Database Driver Class Initialized
2016-03-28 14:58:41 - Database Driver Class Initialized
2016-03-28 14:58:44 - Database Driver Class Initialized
2016-03-28 14:58:44 - Database Driver Class Initialized
2016-03-28 15:16:25 - Database Driver Class Initialized
2016-03-28 15:16:25 - Database Driver Class Initialized
2016-03-28 15:16:29 - Database Driver Class Initialized
2016-03-28 15:16:29 - Database Driver Class Initialized
2016-03-28 15:16:30 - Database Driver Class Initialized
2016-03-28 15:16:30 - Database Driver Class Initialized
2016-03-28 15:17:59 - Database Driver Class Initialized
2016-03-28 15:18:00 - Database Driver Class Initialized
2016-03-28 15:18:00 - Database Driver Class Initialized
2016-03-28 15:18:00 - Database Driver Class Initialized
2016-03-28 15:19:06 - Database Driver Class Initialized
2016-03-28 15:19:06 - Database Driver Class Initialized
2016-03-28 15:19:07 - Database Driver Class Initialized
2016-03-28 15:22:45 - Database Driver Class Initialized
2016-03-28 15:22:45 - Database Driver Class Initialized
2016-03-28 15:22:45 - Database Driver Class Initialized
2016-03-28 15:22:45 - Database Driver Class Initialized
2016-03-28 15:22:48 - Database Driver Class Initialized
2016-03-28 15:22:48 - Database Driver Class Initialized
2016-03-28 15:22:48 - Database Driver Class Initialized
2016-03-28 15:22:48 - Database Driver Class Initialized
2016-03-28 15:23:43 - Database Driver Class Initialized
2016-03-28 15:23:43 - Database Driver Class Initialized
2016-03-28 15:23:43 - Database Driver Class Initialized
2016-03-28 15:23:43 - Database Driver Class Initialized
2016-03-29 9:02:38 - Database Driver Class Initialized
2016-03-29 9:14:05 - Database Driver Class Initialized
2016-03-29 9:14:11 - Database Driver Class Initialized
2016-03-29 9:14:11 - Database Driver Class Initialized
2016-03-29 9:14:12 - Database Driver Class Initialized
2016-03-29 9:14:12 - Database Driver Class Initialized
2016-03-29 9:18:53 - Database Driver Class Initialized
2016-03-29 9:18:56 - Database Driver Class Initialized
2016-03-29 9:18:56 - Database Driver Class Initialized
2016-03-29 9:18:57 - Database Driver Class Initialized
2016-03-29 9:20:02 - Database Driver Class Initialized
2016-03-29 9:20:04 - Database Driver Class Initialized
2016-03-29 9:20:06 - Database Driver Class Initialized
2016-03-29 9:20:09 - Database Driver Class Initialized
2016-03-29 9:25:04 - Database Driver Class Initialized
2016-03-29 9:25:06 - Database Driver Class Initialized
2016-03-29 9:25:07 - Database Driver Class Initialized
2016-03-29 9:25:07 - Database Driver Class Initialized
2016-03-29 9:26:02 - Database Driver Class Initialized
2016-03-29 9:26:02 - Database Driver Class Initialized
2016-03-29 9:26:02 - Database Driver Class Initialized
2016-03-29 9:28:04 - Database Driver Class Initialized
2016-03-29 9:28:04 - Database Driver Class Initialized
2016-03-29 9:28:04 - Database Driver Class Initialized
2016-03-29 9:34:07 - Database Driver Class Initialized
2016-03-29 9:34:07 - Database Driver Class Initialized
2016-03-29 9:34:09 - Database Driver Class Initialized
2016-03-29 9:34:10 - Database Driver Class Initialized
2016-03-29 9:34:10 - Database Driver Class Initialized
2016-03-29 9:34:10 - Database Driver Class Initialized
2016-03-29 9:34:10 - Database Driver Class Initialized
2016-03-29 9:34:10 - Database Driver Class Initialized
2016-03-29 9:34:29 - Database Driver Class Initialized
2016-03-29 9:34:32 - Database Driver Class Initialized
2016-03-29 9:34:37 - Database Driver Class Initialized
2016-03-29 10:15:19 - Database Driver Class Initialized
2016-03-29 10:15:23 - Database Driver Class Initialized
2016-03-29 10:15:23 - Database Driver Class Initialized
2016-03-29 10:15:23 - Database Driver Class Initialized
2016-03-29 10:15:24 - Database Driver Class Initialized
2016-03-29 10:15:48 - Database Driver Class Initialized
2016-03-29 10:15:59 - Database Driver Class Initialized
2016-03-29 10:15:59 - Database Driver Class Initialized
2016-03-29 10:15:59 - Database Driver Class Initialized
2016-03-29 10:16:06 - Database Driver Class Initialized
2016-04-01 8:57:37 - Database Driver Class Initialized
2016-04-01 8:59:18 - Database Driver Class Initialized
2016-04-01 8:59:29 - Database Driver Class Initialized
